mode: set
Hands-On-Serverless-Applications-with-Go-master/ch5/findAll/main.go:23.93,25.9 2 1
Hands-On-Serverless-Applications-with-Go-master/ch5/findAll/main.go:28.2,30.8 3 1
Hands-On-Serverless-Applications-with-Go-master/ch5/findAll/main.go:39.2,40.16 2 1
Hands-On-Serverless-Applications-with-Go-master/ch5/findAll/main.go:46.2,48.8 3 1
Hands-On-Serverless-Applications-with-Go-master/ch5/findAll/main.go:58.2,58.16 1 1
Hands-On-Serverless-Applications-with-Go-master/ch5/findAll/main.go:65.2,66.33 2 1
Hands-On-Serverless-Applications-with-Go-master/ch5/findAll/main.go:73.2,74.16 2 1
Hands-On-Serverless-Applications-with-Go-master/ch5/findAll/main.go:81.2,88.8 1 1
Hands-On-Serverless-Applications-with-Go-master/ch5/findAll/main.go:25.9,27.3 1 0
Hands-On-Serverless-Applications-with-Go-master/ch5/findAll/main.go:30.8,32.17 2 1
Hands-On-Serverless-Applications-with-Go-master/ch5/findAll/main.go:32.17,37.4 1 0
Hands-On-Serverless-Applications-with-Go-master/ch5/findAll/main.go:40.16,45.3 1 0
Hands-On-Serverless-Applications-with-Go-master/ch5/findAll/main.go:48.8,53.3 1 1
Hands-On-Serverless-Applications-with-Go-master/ch5/findAll/main.go:53.8,57.3 1 0
Hands-On-Serverless-Applications-with-Go-master/ch5/findAll/main.go:58.16,63.3 1 0
Hands-On-Serverless-Applications-with-Go-master/ch5/findAll/main.go:66.33,71.3 1 1
Hands-On-Serverless-Applications-with-Go-master/ch5/findAll/main.go:74.16,79.3 1 0
Hands-On-Serverless-Applications-with-Go-master/ch5/findAll/main.go:91.13,93.2 1 0
